<?xml version="1.0" encoding="UTF-8"?>
<!-- Generated by org.testng.reporters.JUnitReportReporter -->
<testsuite hostname="DESKTOP-SV9CFRI" failures="0" tests="3" name="com.herokuapp.theinternet.LoginTests" time="68.362" errors="0" timestamp="2023-08-11T16:05:15 IST" skipped="0">
  <testcase classname="com.herokuapp.theinternet.LoginTests" name="positiveLoginTest" time="13.165"/>
  <testcase classname="com.herokuapp.theinternet.LoginTests" name="negativeLoginTest" time="45.782"/>
  <testcase classname="com.herokuapp.theinternet.LoginTests" name="negativeLoginTest" time="9.415"/>
</testsuite> <!-- com.herokuapp.theinternet.LoginTests -->
