<?xml version="1.0" encoding="UTF-8"?>
<!-- Generated by org.testng.reporters.JUnitReportReporter -->
<testsuite hostname="DESKTOP-SV9CFRI" failures="0" tests="1" name="com.herokuapp.theinternet.ExceptionsTests" time="30.396" errors="0" timestamp="2023-08-12T15:32:59 IST" skipped="0">
  <testcase classname="com.herokuapp.theinternet.ExceptionsTests" name="timeoutExceptionTest" time="30.396"/>
</testsuite> <!-- com.herokuapp.theinternet.ExceptionsTests -->
